<?xml version="1.0" encoding="UTF-8"?>
<testsuite xmlns:xsi="http://www.w3.org/2001/XMLSchema-instance" xsi:noNamespaceSchemaLocation="https://maven.apache.org/surefire/maven-surefire-plugin/xsd/surefire-test-report-3.0.xsd" version="3.0" name="az.huseynov.springMVC.securityThymeleaf.SecurityThymeleafApplicationTests" time="17.938" tests="1" errors="0" skipped="0" failures="0">
  <properties>
[...]
</properties>
  <testcase name="contextLoads" classname="az.huseynov.springMVC.securityThymeleaf.SecurityThymeleafApplicationTests" time="3.92">
    <system-out><![CDATA[23:26:11.963 [main] INFO org.springframework.test.context.support.AnnotationConfigContextLoaderUtils -- Could not detect default configuration classes for test class [az.huseynov.springMVC.securityThymeleaf.SecurityThymeleafApplicationTests]: SecurityThymeleafApplicationTests does not declare any static, non-private, non-final, nested classes annotated with @Configuration.
23:26:12.780 [main] INFO org.springframework.boot.test.context.SpringBootTestContextBootstrapper -- Found @SpringBootConfiguration az.huseynov.springMVC.securityThymeleaf.SecurityThymeleafApplication for test class az.huseynov.springMVC.securityThymeleaf.SecurityThymeleafApplicationTests
23:26:13.753 [main] INFO org.springframework.boot.devtools.restart.RestartApplicationListener -- Restart disabled due to context in which it is running

  .   ____          _            __ _ _
 /\\ / ___'_ __ _ _(_)_ __  __ _ \ \ \ \
( ( )\___ | '_ | '_| | '_ \/ _` | \ \ \ \
 \\/  ___)| |_)| | | | | || (_| |  ) ) ) )
  '  |____| .__|_| |_|_| |_\__, | / / / /
 =========|_|==============|___/=/_/_/_/

 :: Spring Boot ::                (v3.3.5)

2024-11-10T23:26:15.380+04:00  INFO 8952 --- [secutiryThymeleaf] [           main] .h.s.s.SecurityThymeleafApplicationTests : Starting SecurityThymeleafApplicationTests using Java 22.0.2 with PID 8952 (started by evezh in C:\Users\evezh\Java\Projects\CourseProjects\secutiryThymeleaf)
2024-11-10T23:26:15.390+04:00  INFO 8952 --- [secutiryThymeleaf] [           main] .h.s.s.SecurityThymeleafApplicationTests : No active profile set, falling back to 1 default profile: "default"
2024-11-10T23:26:21.327+04:00  WARN 8952 --- [secutiryThymeleaf] [           main] .s.s.UserDetailsServiceAutoConfiguration : 

Using generated security password: b3c72c4f-7497-45df-93c6-a3542f2c6460

This generated password is for development use only. Your security configuration must be updated before running your application in production.

2024-11-10T23:26:21.414+04:00  INFO 8952 --- [secutiryThymeleaf] [           main] r$InitializeUserDetailsManagerConfigurer : Global AuthenticationManager configured with UserDetailsService bean with name inMemoryUserDetailsManager
2024-11-10T23:26:24.653+04:00  INFO 8952 --- [secutiryThymeleaf] [           main] .h.s.s.SecurityThymeleafApplicationTests : Started SecurityThymeleafApplicationTests in 10.935 seconds (process running for 16.227)
]]></system-out>
    <system-err><![CDATA[WARNING: A Java agent has been loaded dynamically (C:\Users\evezh\.m2\repository\net\bytebuddy\byte-buddy-agent\1.14.19\byte-buddy-agent-1.14.19.jar)
WARNING: If a serviceability tool is in use, please run with -XX:+EnableDynamicAgentLoading to hide this warning
WARNING: If a serviceability tool is not in use, please run with -Djdk.instrument.traceUsage for more information
WARNING: Dynamic loading of agents will be disallowed by default in a future release
]]></system-err>
  </testcase>
</testsuite>